Started by user [8mha:////4IJS1HPBIICuRKE5kFKtzTcLGRlqRqo6QvGmYip0cgQkAAAAlx+LCAAAAAAAAP9b85aBtbiIQTGjNKU4P08vOT+vOD8nVc83PyU1x6OyILUoJzMv2y+/JJUBAhiZGBgqihhk0NSjKDWzXb3RdlLBUSYGJk8GtpzUvPSSDB8G5tKinBIGIZ+sxLJE/ZzEvHT94JKizLx0a6BxUmjGOUNodHsLgAzWEgZu/dLi1CL9xJTczDwAj6GcLcAAAAA=[0madmin
[Fri Dec 01 15:32:16 UTC 2023] Starting branch indexing...
 > git --version # timeout=10
 > git --version # 'git version 2.39.2'
 > git ls-remote --symref -- https://github.com/devopscube/multibranch-pipeline-demo.git # timeout=10
Creating git repository in /var/jenkins_home/caches/git-d869beafcd332f26b3b4cb3aa84efb68
 > git init /var/jenkins_home/caches/git-d869beafcd332f26b3b4cb3aa84efb68 # timeout=10
Setting origin to https://github.com/devopscube/multibranch-pipeline-demo.git
 > git config remote.origin.url https://github.com/devopscube/multibranch-pipeline-demo.git # timeout=10
Fetching & pruning origin...
Listing remote references...
 > git config --get remote.origin.url # timeout=10
 > git --version # timeout=10
 > git --version # 'git version 2.39.2'
 > git ls-remote -h -- https://github.com/devopscube/multibranch-pipeline-demo.git # timeout=10
Fetching upstream changes from origin
 > git config --get remote.origin.url # timeout=10
 > git fetch --tags --force --progress --prune -- origin +refs/heads/*:refs/remotes/origin/* # timeout=10
Checking branches...
  Checking branch develop
      ‘Jenkinsfile’ found
    Met criteria
Scheduled build for branch: develop
  Checking branch master
      ‘Jenkinsfile’ found
    Met criteria
Scheduled build for branch: master
  Checking branch feature
      ‘Jenkinsfile’ found
    Met criteria
Scheduled build for branch: feature
Processed 3 branches
[Fri Dec 01 15:32:23 UTC 2023] Finished branch indexing. Indexing took 6.9 sec
Finished: SUCCESS
